use_cases/health/example1/automl/app/build/outputs/mapping/proguard/mapping.txt
# compiler: R8
# compiler_version: 3.3.83
# min_api: 19
# common_typos_disable
# {"id":"com.android.tools.r8.mapping","version":"2.0"}
# pg_map_id: 5797631
# pg_map_hash: SHA-256 57976315c8d8f1336073dfde7f9340d638c3400e1fdd26500964074e9a2b0d27
...
androidx.camera.core.ImageAnalysis$$ExternalSyntheticLambda0 -> p.g0:
# {"id":"sourceFile","fileName":"R8$$SyntheticClass"}
# {"id":"com.android.tools.r8.synthesized"}
    androidx.camera.core.SafeCloseImageReaderProxy androidx.camera.core.ImageAnalysis$$InternalSyntheticLambda$2$28fe31ca51342ff17c41d79e34a4089cbab9ef6c8d928c6e43af69e789f16120$0.f$0 -> b
    void androidx.camera.core.ImageAnalysis$$InternalSyntheticLambda$2$28fe31ca51342ff17c41d79e34a4089cbab9ef6c8d928c6e43af69e789f16120$0.<init>(androidx.camera.core.SafeCloseImageReaderProxy) -> <init>
      # {"id":"com.android.tools.r8.synthesized"}
    void androidx.camera.core.ImageAnalysis$$InternalSyntheticLambda$2$28fe31ca51342ff17c41d79e34a4089cbab9ef6c8d928c6e43af69e789f16120$0.run() -> run
      # {"id":"com.android.tools.r8.synthesized"}
androidx.camera.core.ImageAnalysis$$ExternalSyntheticLambda1 -> p.h0:
# {"id":"sourceFile","fileName":"R8$$SyntheticClass"}
# {"id":"com.android.tools.r8.synthesized"}
    androidx.camera.core.impl.ImageAnalysisConfig androidx.camera.core.ImageAnalysis$$InternalSyntheticLambda$2$28fe31ca51342ff17c41d79e34a4089cbab9ef6c8d928c6e43af69e789f16120$1.f$2 -> c
    androidx.camera.core.ImageAnalysis androidx.camera.core.ImageAnalysis$$InternalSyntheticLambda$2$28fe31ca51342ff17c41d79e34a4089cbab9ef6c8d928c6e43af69e789f16120$1.f$0 -> a
    android.util.Size androidx.camera.core.ImageAnalysis$$InternalSyntheticLambda$2$28fe31ca51342ff17c41d79e34a4089cbab9ef6c8d928c6e43af69e789f16120$1.f$3 -> d
    java.lang.String androidx.camera.core.ImageAnalysis$$InternalSyntheticLambda$2$28fe31ca51342ff17c41d79e34a4089cbab9ef6c8d928c6e43af69e789f16120$1.f$1 -> b
    void androidx.camera.core.ImageAnalysis$$InternalSyntheticLambda$2$28fe31ca51342ff17c41d79e34a4089cbab9ef6c8d928c6e43af69e789f16120$1.<init>(androidx.camera.core.ImageAnalysis,java.lang.String,androidx.camera.core.impl.ImageAnalysisConfig,android.util.Size) -> <init>
      # {"id":"com.android.tools.r8.synthesized"}
    void androidx.camera.core.ImageAnalysis$$InternalSyntheticLambda$2$28fe31ca51342ff17c41d79e34a4089cbab9ef6c8d928c6e43af69e789f16120$1.onError(androidx.camera.core.impl.SessionConfig,androidx.camera.core.impl.SessionConfig$SessionError) -> a
      # {"id":"com.android.tools.r8.synthesized"}
androidx.camera.core.ImageAnalysis$$ExternalSyntheticLambda2 -> p.i0:
# {"id":"sourceFile","fileName":"R8$$SyntheticClass"}
# {"id":"com.android.tools.r8.synthesized"}
    androidx.camera.core.ImageAnalysis androidx.camera.core.ImageAnalysis$$InternalSyntheticLambda$2$add3ded977a635843c183c72b08a7be395b7a46cdb02826a0f70b67e1f949834$0.f$0 -> a
    androidx.camera.core.ImageAnalysis$Analyzer androidx.camera.core.ImageAnalysis$$InternalSyntheticLambda$2$add3ded977a635843c183c72b08a7be395b7a46cdb02826a0f70b67e1f949834$0.f$1 -> b
    void androidx.camera.core.ImageAnalysis$$InternalSyntheticLambda$2$add3ded977a635843c183c72b08a7be395b7a46cdb02826a0f70b67e1f949834$0.<init>(androidx.camera.core.ImageAnalysis,androidx.camera.core.ImageAnalysis$Analyzer) -> <init>
      # {"id":"com.android.tools.r8.synthesized"}
    void androidx.camera.core.ImageAnalysis$$InternalSyntheticLambda$2$add3ded977a635843c183c72b08a7be395b7a46cdb02826a0f70b67e1f949834$0.analyze(androidx.camera.core.ImageProxy) -> a
      # {"id":"com.android.tools.r8.synthesized"}
androidx.camera.core.ImageAnalysis$Analyzer -> p.j0$a:
    void analyze(androidx.camera.core.ImageProxy) -> a
androidx.camera.core.ImageAnalysis$BackpressureStrategy -> p.j0$b: